四月 26, 2019 10:33:45 下午 io.github.yedaxia.apidocs.LogUtils info
信息: info: find java src paths:  [D:\JavaWorkSpace\JavaStudy\src\main\java\]
四月 26, 2019 10:33:45 下午 io.github.yedaxia.apidocs.LogUtils info
信息: info: project type not set, try to figure out...
四月 26, 2019 10:33:45 下午 io.github.yedaxia.apidocs.LogUtils info
信息: info: start find controllers in path : D:\JavaWorkSpace\JavaStudy\src\main\java\
四月 26, 2019 10:33:46 下午 io.github.yedaxia.apidocs.LogUtils info
信息: info: find controller file : JavaApiDocController.java
四月 26, 2019 10:33:46 下午 io.github.yedaxia.apidocs.LogUtils info
信息: info: find controller file : JavaJarRelyOnBean.java
四月 26, 2019 10:33:46 下午 io.github.yedaxia.apidocs.LogUtils info
信息: info: generate api docs start...
四月 26, 2019 10:33:46 下午 io.github.yedaxia.apidocs.LogUtils info
信息: info: start to parse controller file : JavaApiDocController.java
四月 26, 2019 10:33:46 下午 io.github.yedaxia.apidocs.LogUtils info
信息: info: we think List should not be an enum type
四月 26, 2019 10:33:46 下午 io.github.yedaxia.apidocs.LogUtils warn
警告: warning!! We found Collection without specified Class Type, Please check ! java file : JavaApiDocController.java
四月 26, 2019 10:33:46 下午 io.github.yedaxia.apidocs.LogUtils info
信息: info: we think List should not be an enum type
四月 26, 2019 10:33:46 下午 io.github.yedaxia.apidocs.LogUtils warn
警告: warning!! We found Collection without specified Class Type, Please check ! java file : JavaApiDocController.java
四月 26, 2019 10:33:46 下午 io.github.yedaxia.apidocs.LogUtils info
信息: info: we think List should not be an enum type
四月 26, 2019 10:33:46 下午 io.github.yedaxia.apidocs.LogUtils warn
警告: warning!! We found Collection without specified Class Type, Please check ! java file : JavaApiDocController.java
四月 26, 2019 10:33:46 下午 io.github.yedaxia.apidocs.LogUtils info
信息: info: we think List should not be an enum type
四月 26, 2019 10:33:46 下午 io.github.yedaxia.apidocs.LogUtils warn
警告: warning!! We found Collection without specified Class Type, Please check ! java file : JavaApiDocController.java
四月 26, 2019 10:33:46 下午 io.github.yedaxia.apidocs.LogUtils info
信息: info: we think List should not be an enum type
四月 26, 2019 10:33:46 下午 io.github.yedaxia.apidocs.LogUtils warn
警告: warning!! We found Collection without specified Class Type, Please check ! java file : JavaApiDocController.java
四月 26, 2019 10:33:46 下午 io.github.yedaxia.apidocs.LogUtils info
信息: info: start to generate docs for controller file : JavaApiDocController.java
四月 26, 2019 10:33:46 下午 io.github.yedaxia.apidocs.LogUtils info
信息: info: success to generate docs for controller file : JavaApiDocController.java
四月 26, 2019 10:33:46 下午 io.github.yedaxia.apidocs.LogUtils info
信息: info: start to parse controller file : JavaJarRelyOnBean.java
四月 26, 2019 10:33:46 下午 io.github.yedaxia.apidocs.LogUtils info
信息: info: start to generate docs for controller file : JavaJarRelyOnBean.java
四月 26, 2019 10:33:46 下午 io.github.yedaxia.apidocs.LogUtils info
信息: info: success to generate docs for controller file : JavaJarRelyOnBean.java
四月 26, 2019 10:33:46 下午 io.github.yedaxia.apidocs.LogUtils info
信息: info: generate api docs done !!!
